<?xml version="1.0" encoding="UTF-8"?>
<!-- Generated by org.testng.reporters.JUnitReportReporter -->
<testsuite skipped="0" hostname="מנחם" name="tests.SignInTest" tests="3" failures="0" timestamp="2022-05-12T10:31:07 IDT" time="27.314" errors="0">
  <testcase name="tc01_signInWrongDetails" time="16.861" classname="tests.SignInTest"/>
  <system-out/>
  <testcase name="tc03_signInRightDetails" time="6.906" classname="tests.SignInTest"/>
  <system-out/>
  <testcase name="tc02_signInInvalidMail" time="3.547" classname="tests.SignInTest"/>
  <system-out/>
</testsuite> <!-- tests.SignInTest -->
