<?xml version="1.0" encoding="UTF-8"?>
<!-- Generated by org.testng.reporters.JUnitReportReporter -->
<testsuite skipped="0" hostname="מנחם" name="tests.CategoriesTest" tests="4" failures="0" timestamp="2022-05-12T10:31:06 IDT" time="58.951" errors="0">
  <testcase name="tc04_tc05_tc06_openCategory" time="8.030" classname="tests.CategoriesTest"/>
  <system-out/>
  <testcase name="tc07_toatlProductsInSubCategory" time="9.707" classname="tests.CategoriesTest"/>
  <system-out/>
  <testcase name="tc04_tc05_tc06_openCategory" time="19.653" classname="tests.CategoriesTest"/>
  <system-out/>
  <testcase name="tc04_tc05_tc06_openCategory" time="21.561" classname="tests.CategoriesTest"/>
  <system-out/>
</testsuite> <!-- tests.CategoriesTest -->
