<?xml version="1.0" encoding="UTF-8"?>
<!-- Generated by org.testng.reporters.JUnitReportReporter -->
<testsuite skipped="0" hostname="מנחם" name="tests.ProductDetailsPagesTest" tests="3" failures="0" timestamp="2022-05-12T10:31:07 IDT" time="81.320" errors="0">
  <testcase name="tc08_tc09_tc10_productDetails" time="21.734" classname="tests.ProductDetailsPagesTest"/>
  <system-out/>
  <testcase name="tc08_tc09_tc10_productDetails" time="23.659" classname="tests.ProductDetailsPagesTest"/>
  <system-out/>
  <testcase name="tc08_tc09_tc10_productDetails" time="35.927" classname="tests.ProductDetailsPagesTest"/>
  <system-out/>
</testsuite> <!-- tests.ProductDetailsPagesTest -->
