<?xml version="1.0" encoding="UTF-8"?>
<!-- Generated by org.testng.reporters.JUnitReportReporter -->
<testsuite skipped="0" hostname="מנחם" name="tests.ShoppingListsTest" tests="6" failures="0" timestamp="2022-05-12T10:31:07 IDT" time="96.946" errors="0">
  <testcase name="tc20_deleteProduct" time="17.509" classname="tests.ShoppingListsTest"/>
  <system-out/>
  <testcase name="tc22_deleteList" time="11.239" classname="tests.ShoppingListsTest"/>
  <system-out/>
  <testcase name="tc21_deleteAllProducts" time="21.539" classname="tests.ShoppingListsTest"/>
  <system-out/>
  <testcase name="tc23_addNewList" time="8.040" classname="tests.ShoppingListsTest"/>
  <system-out/>
  <testcase name="tc19_updateIncorrectQuantity" time="10.106" classname="tests.ShoppingListsTest"/>
  <system-out/>
  <testcase name="tc18_updateQuantity" time="28.513" classname="tests.ShoppingListsTest"/>
  <system-out/>
</testsuite> <!-- tests.ShoppingListsTest -->
