<?xml version="1.0" encoding="UTF-8"?>
<!-- Generated by org.testng.reporters.JUnitReportReporter -->
<testsuite skipped="0" hostname="מנחם" name="tests.SearchStoreTest" tests="2" failures="0" timestamp="2022-05-12T10:31:07 IDT" time="51.993" errors="0">
  <testcase name="tc24_tc25_searchStore" time="10.974" classname="tests.SearchStoreTest"/>
  <system-out/>
  <testcase name="tc24_tc25_searchStore" time="41.019" classname="tests.SearchStoreTest"/>
  <system-out/>
</testsuite> <!-- tests.SearchStoreTest -->
