<?xml version="1.0" encoding="UTF-8"?>
<!-- Generated by org.testng.reporters.JUnitReportReporter -->
<testsuite skipped="0" hostname="מנחם" name="tests.FooterLinksTest" tests="2" failures="0" timestamp="2022-05-12T10:31:07 IDT" time="8.517" errors="0">
  <testcase name="tc021_giftCardTermsAndConditions" time="4.419" classname="tests.FooterLinksTest"/>
  <system-out/>
  <testcase name="tc020_termsOfUse" time="4.098" classname="tests.FooterLinksTest"/>
  <system-out/>
</testsuite> <!-- tests.FooterLinksTest -->
